<?xml version="1.0" ?>
<!--# # -->

<Problem xmlns:xsi="http://www.w3.org/2001/XMLSchema-instance" xsi:noNamespaceSchemaLocation="geos_v0.0.xsd">

  <Solvers
    gravityVector="0.0,0.0,-9.81">

    <ProppantTransport name="ProppantTransport"
                       logLevel="1"  
                       gravityFlag="1"
                       updateProppantPacking="1"
                       discretization="singlePhaseTPFA"
                       targetRegions="{Fracture}"
                       fluidName="water"
                       proppantName="sand"		       
                       solidName="rock">

      <NonlinearSolverParameters name="nlsp"
                                 newtonTol="1.0e-6"
                                 newtonMaxIter="8"
                                 lineSearchAction="0"
                                 newtonMinIter="1"
                                 maxTimeStepCuts="5"/>
      <SystemSolverParameters name="SystemSolverParameters"
                              krylovTol="1.0e-12"
                              useDirectSolver="0"/>
    
    </ProppantTransport>    

    
    <FlowProppantTransport name="FlowProppantTransport"
                           proppantSolverName="ProppantTransport"
                           flowSolverName="SinglePhaseFlow"
                           targetRegions="{Region2, Fracture}"
                           logLevel="1">

      <NonlinearSolverParameters name="nlsp"
                                 newtonMinIter="1"
                                 newtonMaxIter="5"/>
      <SystemSolverParameters name="SystemSolverParameters"/>
    </FlowProppantTransport>




    <SinglePhaseFlow name="SinglePhaseFlow"
                     logLevel="1"
                     gravityFlag="1"
                     discretization="singlePhaseTPFA"
                     targetRegions="{Region2, Fracture}"
                     fluidName="water"
                     solidName="rock">

      <NonlinearSolverParameters name="nlsp"
                                 newtonTol="1.0e-8"
                                 newtonMaxIter="8"
                                 lineSearchAction="0"
                                 newtonMinIter="1"
                                 maxTimeStepCuts="5"/>
       <SystemSolverParameters name="SystemSolverParameters"
                               krylovTol="1.0e-12"/>
    </SinglePhaseFlow>


    
    <SurfaceGenerator name="SurfaceGen"
                      logLevel="0"
                      fractureRegion="Fracture"
                      targetRegions="{Fracture}"
                      solidMaterialName="granite"
                      rockToughness="1e6"
                      >
    </SurfaceGenerator>
    
  </Solvers>
  
  <Mesh>
    <InternalMesh name="mesh1"
                  elementTypes="{C3D8}" 
                  xCoords="{-1, 1}"
                  yCoords="{0, 1.2446}"
                  zCoords="{0, 0.3048}"
                  nx="{10}"
                  ny="{12}"
                  nz="{3}"
                  cellBlockNames="{cb1}"/>
  </Mesh>

  <Geometry>
    <Box name="source"       xMin="-0.001, -0.001, -0.001" xMax="0.001,  0.11, 0.3148"/>
    <Box name="bdry1"       xMin="-1.01, -0.001, -0.001" xMax="-0.79, 1.2546, 0.3148"/>
    <Box name="bdry2"       xMin="0.79, -0.001, -0.001" xMax="1.01, 1.2546, 0.3148"/>            
    <Box name="fracture"  xMin="-0.01, -0.01, -0.01" xMax=" 0.01, 1.2546, 0.3148"/>
  </Geometry>


  <Events maxTime="30">
   <SoloEvent name="preFracture"
              target="/Solvers/SurfaceGen"/>
   
  
    <!-- This event is applied every cycle, and overrides the
    solver time-step request -->
    <PeriodicEvent name="solverApplications"
                   forceDt="0.5"
                   target="/Solvers/FlowProppantTransport" />

    <!-- This event is applied every 1.0s.  The targetExactTimestep
    flag allows this event to request a dt modification to match an
    integer multiple of the timeFrequency. -->

    <PeriodicEvent name="outputs"
                   cycleFrequency="1"
                   targetExactTimestep="1"
                   target="/Outputs/siloOutput" />

    
    <PeriodicEvent name="restarts"
                   timeFrequency="10"
                   targetExactTimestep="0"
                   target="/Outputs/sidreRestart"/>

  </Events>

  <NumericalMethods>
    <FiniteVolume>
      <TwoPointFluxApproximation name="singlePhaseTPFA"
                                 fieldName="pressure"
                                 coefficientName="permeability"/>
    </FiniteVolume>
  </NumericalMethods>

  <ElementRegions>
    <CellElementRegion name="Region2"
                   cellBlocks="{cb1}"
                   materialList="{water, rock, sand}"/>
                   
    <FaceElementRegion name="Fracture"
                       defaultAperture="7.62e-3"                       
                       materialList="{water, rock, sand}"/>
                   
  </ElementRegions>

  <Constitutive>
    <ProppantSlurryFluid name="water"
                         referencePressure="1e5"
                         referenceDensity="1000"
                         compressibility="0e-10"
                         referenceViscosity="0.001"
                         referenceProppantDensity="2550.0"/>

    <ParticleFluid name="sand"
                   particleSettlingModel="Stokes"
		   hinderedSettlingCoefficient="5.9"
                   proppantDensity="2550.0"
                   proppantDiameter="4.0e-4"/>                   

   <PoroLinearElasticIsotropic name="rock"
                                defaultDensity="2700"
                                defaultBulkModulus="1.0e9"
                                defaultShearModulus="1.0e9"
                                BiotCoefficient="1"
                                compressibility="1.6155088853e-18"
                                referencePressure="2.125e6"
                                />
    
  </Constitutive>

  <InitialConditions>
    
  </InitialConditions>

  <FieldSpecifications>


   <FieldSpecification
              name="permx"
              component="0"
              initialCondition="1"
              setNames="{all}"
              objectPath="ElementRegions/Region2/cb1"
              fieldName="permeability"
              scale="5.0e-15" />

   <FieldSpecification
              name="permy"
              component="1"
              initialCondition="1"
              setNames="{all}"
              objectPath="ElementRegions/Region2/cb1"
              fieldName="permeability"
              scale="5.0e-15" />

   <FieldSpecification
              name="permz"
              component="2"
              initialCondition="1"
              setNames="{all}"
              objectPath="ElementRegions/Region2/cb1"
              fieldName="permeability"
              scale="5.0e-15" />

   <FieldSpecification
              name="referencePorosity"
              initialCondition="1"
              setNames="{all}"
              objectPath="ElementRegions/Region2/cb1"
              fieldName="referencePorosity"
              scale="0.1" />

   
    <FieldSpecification name="frac"
               initialCondition="1"
               setNames="{fracture}"
               objectPath="faceManager"
               fieldName="ruptureState"
               scale="1"/>


    <FieldSpecification name="fracAp"
               initialCondition="1"
               objectPath="ElementRegions/Fracture"
               fieldName="elementAperture"
               scale="7.63e-3"
	       setNames="{fracture}"/>            

    
    <FieldSpecification name="frac1"
               initialCondition="1"
               objectPath="ElementRegions/Fracture"
               fieldName="pressure"
               scale="0.0"
               component="0" 	       	       
	       setNames="{fracture}"/>

    <FieldSpecification name="frac2"
               initialCondition="1"
               objectPath="ElementRegions/Fracture"
               fieldName="proppantConcentration"               
               scale="0.0"
               component="0" 	       	       
	       setNames="{fracture}"/>

    <FieldSpecification name="frac3"
               initialCondition="1"
               objectPath="ElementRegions/Fracture"
               fieldName="isProppantBoundary"
               scale="0"
               component="0" 	       	       
	       setNames="{fracture}"/>

    <FieldSpecification name="frac4"
               initialCondition="1"
               objectPath="ElementRegions/Fracture"
               fieldName="isProppantBoundary"
               scale="1"
               component="0" 	       	       
	       setNames="{source}"/>    

    <FieldSpecification name="elem1"
               initialCondition="1"
               objectPath="ElementRegions/Region2/cb1"
               fieldName="pressure"
               scale="0.0"
               component="0" 	       	       
	       setNames="{all}"/>        

    <SourceFlux name="left1a"
               objectPath="ElementRegions/Fracture"
               fieldName="pressure"
               scale="-0.42"
               component="0" 	       	       
	       setNames="{source}"/>

    <FieldSpecification name="left1b"
               objectPath="ElementRegions/Fracture"
               fieldName="proppantConcentration"
               scale="0.07"
               component="0" 	       	       
	       setNames="{source}"/>        

    <FieldSpecification name="bdry"
               objectPath="ElementRegions/Region2/cb1"
               fieldName="pressure"
               scale="0.0"
               component="0" 	       	       
	       setNames="{bdry1, bdry2}"/>

      </FieldSpecifications>

  <Functions>
  </Functions>

  <Partition>
    <SpatialPartition xPar="1" yPar="1" zPar="1"/>
  </Partition>

  <Outputs>
      <Silo name="siloOutput"/>
      <Restart name="sidreRestart"/>
  </Outputs>


</Problem>
